2020-03-17 12:42:18.473 [main] ERROR by.bsuir.templateengine.parser.CityParser - java.net.UnknownHostException: ru.wikipedia.org
2020-03-17 12:42:18.481 [main] ERROR by.bsuir.templateengine.parser.CityParser - java.net.UnknownHostException: ru.wikipedia.org
2020-03-17 12:42:18.485 [main] ERROR by.bsuir.templateengine.parser.CityParser - java.net.UnknownHostException: ru.wikipedia.org
2020-03-17 12:42:18.485 [main] ERROR by.bsuir.templateengine.parser.CityParser - java.net.UnknownHostException: ru.wikipedia.org
2020-03-17 12:42:18.489 [main] ERROR by.bsuir.templateengine.parser.CityParser - java.net.UnknownHostException: ru.wikipedia.org
2020-03-17 12:42:18.489 [main] ERROR by.bsuir.templateengine.parser.CityParser - java.net.UnknownHostException: ru.wikipedia.org
2020-03-17 12:42:18.493 [main] ERROR by.bsuir.templateengine.parser.CityParser - java.net.UnknownHostException: ru.wikipedia.org
2020-03-17 12:42:18.493 [main] ERROR by.bsuir.templateengine.parser.CityParser - java.net.UnknownHostException: ru.wikipedia.org
2020-03-17 12:42:18.493 [main] ERROR by.bsuir.templateengine.parser.CityParser - java.net.UnknownHostException: ru.wikipedia.org
2020-03-17 12:42:18.497 [main] ERROR by.bsuir.templateengine.parser.CityParser - java.net.UnknownHostException: ru.wikipedia.org
2020-03-17 12:42:18.497 [main] ERROR by.bsuir.templateengine.parser.CityParser - java.net.UnknownHostException: ru.wikipedia.org
2020-03-17 12:42:18.501 [main] ERROR by.bsuir.templateengine.parser.CityParser - java.net.UnknownHostException: ru.wikipedia.org
2020-03-17 12:42:18.501 [main] ERROR by.bsuir.templateengine.parser.CityParser - java.net.UnknownHostException: ru.wikipedia.org
2020-03-17 12:42:18.505 [main] ERROR by.bsuir.templateengine.parser.CityParser - java.net.UnknownHostException: ru.wikipedia.org
2020-03-17 12:42:18.505 [main] ERROR by.bsuir.templateengine.parser.CityParser - java.net.UnknownHostException: ru.wikipedia.org
2020-03-17 12:42:18.509 [main] ERROR by.bsuir.templateengine.parser.CityParser - java.net.UnknownHostException: ru.wikipedia.org
2020-03-17 12:42:18.509 [main] ERROR by.bsuir.templateengine.parser.CityParser - java.net.UnknownHostException: ru.wikipedia.org
2020-03-17 12:42:18.509 [main] ERROR by.bsuir.templateengine.parser.CityParser - java.net.UnknownHostException: ru.wikipedia.org
2020-03-17 12:42:18.513 [main] ERROR by.bsuir.templateengine.parser.CityParser - java.net.UnknownHostException: ru.wikipedia.org
2020-03-17 12:42:18.513 [main] ERROR by.bsuir.templateengine.parser.CityParser - java.net.UnknownHostException: ru.wikipedia.org
2020-03-17 12:42:18.517 [main] ERROR by.bsuir.templateengine.parser.CityParser - java.net.UnknownHostException: ru.wikipedia.org
2020-03-17 12:42:18.517 [main] ERROR by.bsuir.templateengine.parser.CityParser - java.net.UnknownHostException: ru.wikipedia.org
2020-03-17 12:42:18.517 [main] ERROR by.bsuir.templateengine.parser.CityParser - java.net.UnknownHostException: ru.wikipedia.org
2020-03-17 12:42:18.521 [main] ERROR by.bsuir.templateengine.parser.CityParser - java.net.UnknownHostException: ru.wikipedia.org
2020-03-17 12:42:18.521 [main] ERROR by.bsuir.templateengine.parser.CityParser - java.net.UnknownHostException: ru.wikipedia.org
2020-03-17 12:42:18.525 [main] ERROR by.bsuir.templateengine.parser.CityParser - java.net.UnknownHostException: ru.wikipedia.org
2020-03-17 12:42:18.525 [main] ERROR by.bsuir.templateengine.parser.CityParser - java.net.UnknownHostException: ru.wikipedia.org
2020-03-17 12:42:18.525 [main] ERROR by.bsuir.templateengine.parser.CityParser - java.net.UnknownHostException: ru.wikipedia.org
2020-03-17 12:42:18.529 [main] ERROR by.bsuir.templateengine.parser.CityParser - java.net.UnknownHostException: ru.wikipedia.org
2020-03-17 12:42:18.529 [main] ERROR by.bsuir.templateengine.parser.CityParser - java.net.UnknownHostException: ru.wikipedia.org
2020-03-17 12:42:18.529 [main] ERROR by.bsuir.templateengine.parser.CityParser - java.net.UnknownHostException: ru.wikipedia.org
2020-03-17 12:42:18.533 [main] ERROR by.bsuir.templateengine.parser.CityParser - java.net.UnknownHostException: ru.wikipedia.org
2020-03-17 12:42:18.533 [main] ERROR by.bsuir.templateengine.parser.CityParser - java.net.UnknownHostException: ru.wikipedia.org
2020-03-17 12:42:18.537 [main] ERROR by.bsuir.templateengine.parser.CityParser - java.net.UnknownHostException: ru.wikipedia.org
2020-03-17 12:42:18.537 [main] ERROR by.bsuir.templateengine.parser.CityParser - java.net.UnknownHostException: ru.wikipedia.org
2020-03-17 12:42:18.541 [main] ERROR by.bsuir.templateengine.parser.CityParser - java.net.UnknownHostException: ru.wikipedia.org
2020-03-17 12:42:18.541 [main] ERROR by.bsuir.templateengine.parser.CityParser - java.net.UnknownHostException: ru.wikipedia.org
2020-03-17 12:42:18.541 [main] ERROR by.bsuir.templateengine.parser.CityParser - java.net.UnknownHostException: ru.wikipedia.org
2020-03-17 12:42:18.541 [main] ERROR by.bsuir.templateengine.parser.CityParser - java.net.UnknownHostException: ru.wikipedia.org
2020-03-17 12:42:18.545 [main] ERROR by.bsuir.templateengine.parser.CityParser - java.net.UnknownHostException: ru.wikipedia.org
2020-03-17 12:42:18.545 [main] ERROR by.bsuir.templateengine.parser.CityParser - java.net.UnknownHostException: ru.wikipedia.org
2020-03-17 12:42:18.549 [main] ERROR by.bsuir.templateengine.parser.CityParser - java.net.UnknownHostException: ru.wikipedia.org
2020-03-17 12:42:18.549 [main] ERROR by.bsuir.templateengine.parser.CityParser - java.net.UnknownHostException: ru.wikipedia.org
2020-03-17 12:42:18.549 [main] ERROR by.bsuir.templateengine.parser.CityParser - java.net.UnknownHostException: ru.wikipedia.org
2020-03-17 12:42:18.553 [main] ERROR by.bsuir.templateengine.parser.CityParser - java.net.UnknownHostException: ru.wikipedia.org
2020-03-17 12:42:18.553 [main] ERROR by.bsuir.templateengine.parser.CityParser - java.net.UnknownHostException: ru.wikipedia.org
2020-03-17 12:42:18.557 [main] ERROR by.bsuir.templateengine.parser.CityParser - java.net.UnknownHostException: ru.wikipedia.org
2020-03-17 12:42:18.557 [main] ERROR by.bsuir.templateengine.parser.CityParser - java.net.UnknownHostException: ru.wikipedia.org
2020-03-17 12:42:18.557 [main] ERROR by.bsuir.templateengine.parser.CityParser - java.net.UnknownHostException: ru.wikipedia.org
2020-03-17 12:42:18.561 [main] ERROR by.bsuir.templateengine.parser.CityParser - java.net.UnknownHostException: ru.wikipedia.org
2020-03-17 12:42:18.561 [main] ERROR by.bsuir.templateengine.parser.CityParser - java.net.UnknownHostException: ru.wikipedia.org
2020-03-17 12:42:18.561 [main] ERROR by.bsuir.templateengine.parser.CityParser - java.net.UnknownHostException: ru.wikipedia.org
2020-03-17 12:42:18.565 [main] ERROR by.bsuir.templateengine.parser.CityParser - java.net.UnknownHostException: ru.wikipedia.org
2020-03-17 12:42:18.565 [main] ERROR by.bsuir.templateengine.parser.CityParser - java.net.UnknownHostException: ru.wikipedia.org
2020-03-17 12:42:18.569 [main] ERROR by.bsuir.templateengine.parser.CityParser - java.net.UnknownHostException: ru.wikipedia.org
2020-03-17 12:42:18.569 [main] ERROR by.bsuir.templateengine.parser.CityParser - java.net.UnknownHostException: ru.wikipedia.org
2020-03-17 12:42:18.573 [main] ERROR by.bsuir.templateengine.parser.CityParser - java.net.UnknownHostException: ru.wikipedia.org
2020-03-17 12:42:18.573 [main] ERROR by.bsuir.templateengine.parser.CityParser - java.net.UnknownHostException: ru.wikipedia.org
2020-03-17 12:42:18.573 [main] ERROR by.bsuir.templateengine.parser.CityParser - java.net.UnknownHostException: ru.wikipedia.org
2020-03-17 12:42:18.577 [main] ERROR by.bsuir.templateengine.parser.CityParser - java.net.UnknownHostException: ru.wikipedia.org
2020-03-17 12:42:18.577 [main] ERROR by.bsuir.templateengine.parser.CityParser - java.net.UnknownHostException: ru.wikipedia.org
2020-03-17 12:42:18.577 [main] ERROR by.bsuir.templateengine.parser.CityParser - java.net.UnknownHostException: ru.wikipedia.org
2020-03-17 12:42:18.581 [main] ERROR by.bsuir.templateengine.parser.CityParser - java.net.UnknownHostException: ru.wikipedia.org
2020-03-17 12:42:18.581 [main] ERROR by.bsuir.templateengine.parser.CityParser - java.net.UnknownHostException: ru.wikipedia.org
2020-03-17 12:42:18.581 [main] ERROR by.bsuir.templateengine.parser.CityParser - java.net.UnknownHostException: ru.wikipedia.org
2020-03-17 12:42:18.585 [main] ERROR by.bsuir.templateengine.parser.CityParser - java.net.UnknownHostException: ru.wikipedia.org
2020-03-17 12:42:18.585 [main] ERROR by.bsuir.templateengine.parser.CityParser - java.net.UnknownHostException: ru.wikipedia.org
2020-03-17 12:42:18.585 [main] ERROR by.bsuir.templateengine.parser.CityParser - java.net.UnknownHostException: ru.wikipedia.org
2020-03-17 12:42:18.585 [main] ERROR by.bsuir.templateengine.parser.CityParser - java.net.UnknownHostException: ru.wikipedia.org
2020-03-17 12:42:18.589 [main] ERROR by.bsuir.templateengine.parser.CityParser - java.net.UnknownHostException: ru.wikipedia.org
2020-03-17 12:42:18.589 [main] ERROR by.bsuir.templateengine.parser.CityParser - java.net.UnknownHostException: ru.wikipedia.org
2020-03-17 12:42:18.589 [main] ERROR by.bsuir.templateengine.parser.CityParser - java.net.UnknownHostException: ru.wikipedia.org
2020-03-17 12:42:18.589 [main] ERROR by.bsuir.templateengine.parser.CityParser - java.net.UnknownHostException: ru.wikipedia.org
2020-03-17 12:42:18.589 [main] ERROR by.bsuir.templateengine.parser.CityParser - java.net.UnknownHostException: ru.wikipedia.org
2020-03-17 12:42:18.593 [main] ERROR by.bsuir.templateengine.parser.CityParser - java.net.UnknownHostException: ru.wikipedia.org
2020-03-17 12:42:18.593 [main] ERROR by.bsuir.templateengine.parser.CityParser - java.net.UnknownHostException: ru.wikipedia.org
2020-03-17 12:42:18.593 [main] ERROR by.bsuir.templateengine.parser.CityParser - java.net.UnknownHostException: ru.wikipedia.org
2020-03-17 12:42:18.597 [main] ERROR by.bsuir.templateengine.parser.CityParser - java.net.UnknownHostException: ru.wikipedia.org
2020-03-17 12:42:18.597 [main] ERROR by.bsuir.templateengine.parser.CityParser - java.net.UnknownHostException: ru.wikipedia.org
2020-03-17 12:42:18.597 [main] ERROR by.bsuir.templateengine.parser.CityParser - java.net.UnknownHostException: ru.wikipedia.org
2020-03-17 12:42:18.601 [main] ERROR by.bsuir.templateengine.parser.CityParser - java.net.UnknownHostException: ru.wikipedia.org
2020-03-17 12:42:18.601 [main] ERROR by.bsuir.templateengine.parser.CityParser - java.net.UnknownHostException: ru.wikipedia.org
2020-03-17 12:42:18.605 [main] ERROR by.bsuir.templateengine.parser.CityParser - java.net.UnknownHostException: ru.wikipedia.org
2020-03-17 12:42:18.605 [main] ERROR by.bsuir.templateengine.parser.CityParser - java.net.UnknownHostException: ru.wikipedia.org
2020-03-17 12:42:18.605 [main] ERROR by.bsuir.templateengine.parser.CityParser - java.net.UnknownHostException: ru.wikipedia.org
2020-03-17 12:42:18.605 [main] ERROR by.bsuir.templateengine.parser.CityParser - java.net.UnknownHostException: ru.wikipedia.org
2020-03-17 12:42:18.609 [main] ERROR by.bsuir.templateengine.parser.CityParser - java.net.UnknownHostException: ru.wikipedia.org
2020-03-17 12:42:18.609 [main] ERROR by.bsuir.templateengine.parser.CityParser - java.net.UnknownHostException: ru.wikipedia.org
2020-03-17 12:42:18.613 [main] ERROR by.bsuir.templateengine.parser.CityParser - java.net.UnknownHostException: ru.wikipedia.org
2020-03-17 12:42:18.613 [main] ERROR by.bsuir.templateengine.parser.CityParser - java.net.UnknownHostException: ru.wikipedia.org
2020-03-17 12:42:18.613 [main] ERROR by.bsuir.templateengine.parser.CityParser - java.net.UnknownHostException: ru.wikipedia.org
2020-03-17 12:42:18.617 [main] ERROR by.bsuir.templateengine.parser.CityParser - java.net.UnknownHostException: ru.wikipedia.org
2020-03-17 12:42:18.617 [main] ERROR by.bsuir.templateengine.parser.CityParser - java.net.UnknownHostException: ru.wikipedia.org
2020-03-17 12:42:18.621 [main] ERROR by.bsuir.templateengine.parser.CityParser - java.net.UnknownHostException: ru.wikipedia.org
2020-03-17 12:42:18.621 [main] ERROR by.bsuir.templateengine.parser.CityParser - java.net.UnknownHostException: ru.wikipedia.org
2020-03-17 12:42:18.621 [main] ERROR by.bsuir.templateengine.parser.CityParser - java.net.UnknownHostException: ru.wikipedia.org
2020-03-17 12:42:18.625 [main] ERROR by.bsuir.templateengine.parser.CityParser - java.net.UnknownHostException: ru.wikipedia.org
2020-03-17 12:42:18.625 [main] ERROR by.bsuir.templateengine.parser.CityParser - java.net.UnknownHostException: ru.wikipedia.org
2020-03-17 12:42:18.629 [main] ERROR by.bsuir.templateengine.parser.CityParser - java.net.UnknownHostException: ru.wikipedia.org
2020-03-17 12:42:18.649 [main] ERROR by.bsuir.templateengine.parser.CityParser - java.net.UnknownHostException: ru.wikipedia.org
2020-03-17 12:42:18.649 [main] ERROR by.bsuir.templateengine.parser.CityParser - java.net.UnknownHostException: ru.wikipedia.org
2020-03-17 12:42:18.649 [main] ERROR by.bsuir.templateengine.parser.CityParser - java.net.UnknownHostException: ru.wikipedia.org
2020-03-17 12:42:18.653 [main] ERROR by.bsuir.templateengine.parser.CityParser - java.net.UnknownHostException: ru.wikipedia.org
2020-03-17 12:42:18.653 [main] ERROR by.bsuir.templateengine.parser.CityParser - java.net.UnknownHostException: ru.wikipedia.org
2020-03-17 12:42:18.665 [main] ERROR by.bsuir.templateengine.parser.CityParser - java.net.UnknownHostException: ru.wikipedia.org
2020-03-17 12:42:18.665 [main] ERROR by.bsuir.templateengine.parser.CityParser - java.net.UnknownHostException: ru.wikipedia.org
2020-03-17 12:42:18.669 [main] ERROR by.bsuir.templateengine.parser.CityParser - java.net.UnknownHostException: ru.wikipedia.org
2020-03-17 12:42:18.669 [main] ERROR by.bsuir.templateengine.parser.CityParser - java.net.UnknownHostException: ru.wikipedia.org
2020-03-17 12:42:18.669 [main] ERROR by.bsuir.templateengine.parser.CityParser - java.net.UnknownHostException: ru.wikipedia.org
2020-03-17 12:42:18.669 [main] ERROR by.bsuir.templateengine.parser.CityParser - java.net.UnknownHostException: ru.wikipedia.org
2020-03-17 12:42:18.669 [main] ERROR by.bsuir.templateengine.parser.CityParser - java.net.UnknownHostException: ru.wikipedia.org
2020-03-17 12:42:18.673 [main] ERROR by.bsuir.templateengine.parser.CityParser - java.net.UnknownHostException: ru.wikipedia.org
2020-03-17 12:42:18.673 [main] ERROR by.bsuir.templateengine.parser.CityParser - java.net.UnknownHostException: ru.wikipedia.org
2020-03-17 12:42:18.673 [main] ERROR by.bsuir.templateengine.parser.CityParser - java.net.UnknownHostException: ru.wikipedia.org
2020-03-17 12:42:18.677 [main] ERROR by.bsuir.templateengine.parser.CityParser - java.net.UnknownHostException: ru.wikipedia.org
2020-04-01 12:46:54.201 [main] ERROR by.bsuir.templateengine.parser.CityParser - java.net.ConnectException: Connection timed out: connect
2020-04-01 12:47:15.287 [main] ERROR by.bsuir.templateengine.parser.CityParser - java.net.ConnectException: Connection timed out: connect
2020-04-01 12:47:36.338 [main] ERROR by.bsuir.templateengine.parser.CityParser - java.net.ConnectException: Connection timed out: connect
2020-05-10 11:51:16.045 [JavaFX Application Thread] ERROR by.bsuir.templateengine.parser.CityParser - org.jsoup.HttpStatusException: HTTP error fetching URL. Status=404, URL=https://ru.wikipedia.org/wiki/%D0%9C%D0%B8_%D0%BD%D1%81%D0%BA
2020-05-10 11:52:43.480 [JavaFX Application Thread] ERROR by.bsuir.templateengine.parser.CityParser - org.jsoup.HttpStatusException: HTTP error fetching URL. Status=404, URL=https://ru.wikipedia.org/wiki/%D0%9C%D0%B8_%D0%BD%D1%81%D0%BA
2020-05-10 12:13:12.772 [JavaFX Application Thread] ERROR by.bsuir.templateengine.parser.CityParser - org.jsoup.HttpStatusException: HTTP error fetching URL. Status=404, URL=https://ru.wikipedia.org/wiki/%D0%9C%D0%B8%D0%BD_%D1%81%D0%BA
2020-05-10 12:13:18.981 [JavaFX Application Thread] ERROR by.bsuir.templateengine.parser.CityParser - org.jsoup.HttpStatusException: HTTP error fetching URL. Status=404, URL=https://ru.wikipedia.org/wiki/%D0%9C%D0%B8%D0%BD_%D1%81%D0%BA
2020-05-14 01:25:16.476 [main] ERROR by.bsuir.templateengine.parser.CityParser - java.io.IOException: Underlying input stream returned zero bytes
2020-05-16 17:26:41.649 [main] ERROR by.bsuir.templateengine.parser.CityParser - java.net.SocketTimeoutException: Read timed out
2020-05-16 17:27:02.322 [main] ERROR by.bsuir.templateengine.parser.CityParser - java.net.SocketTimeoutException: Read timed out
2020-05-16 17:27:22.670 [main] ERROR by.bsuir.templateengine.parser.CityParser - java.net.SocketTimeoutException: Read timed out
2020-05-16 17:28:32.532 [main] ERROR by.bsuir.templateengine.parser.CityParser - java.net.SocketTimeoutException: Read timeout
2020-05-16 17:30:18.056 [JavaFX Application Thread] ERROR by.bsuir.templateengine.parser.CityParser - java.net.SocketTimeoutException: Read timed out
2020-05-16 17:31:43.824 [main] ERROR by.bsuir.templateengine.parser.CityParser - java.net.SocketTimeoutException: Read timed out
2020-05-16 17:33:21.139 [main] ERROR by.bsuir.templateengine.parser.CityParser - java.net.SocketTimeoutException: Read timed out
2020-05-16 17:40:46.183 [main] ERROR by.bsuir.templateengine.parser.CityParser - java.io.IOException: Underlying input stream returned zero bytes
2020-05-16 17:41:40.660 [main] ERROR by.bsuir.templateengine.parser.CityParser - java.net.SocketTimeoutException: Read timed out
2020-05-16 17:43:48.249 [main] ERROR by.bsuir.templateengine.parser.CityParser - java.io.IOException: Underlying input stream returned zero bytes
2020-05-16 17:45:54.679 [main] ERROR by.bsuir.templateengine.parser.CityParser - java.io.IOException: Underlying input stream returned zero bytes
2020-05-16 17:52:04.256 [main] ERROR by.bsuir.templateengine.parser.CityParser - java.io.IOException: Underlying input stream returned zero bytes
2020-05-16 17:52:30.189 [main] ERROR by.bsuir.templateengine.parser.CityParser - java.net.SocketTimeoutException: Read timed out
2020-05-16 17:58:48.447 [main] ERROR by.bsuir.templateengine.parser.CityParser - java.net.SocketTimeoutException: Read timed out
2020-05-16 18:04:51.915 [main] ERROR by.bsuir.templateengine.parser.CityParser - java.net.SocketTimeoutException: Read timed out
2020-05-16 18:05:53.773 [main] ERROR by.bsuir.templateengine.parser.CityParser - java.net.SocketTimeoutException: Read timed out
2020-05-26 23:14:46.616 [main] ERROR by.bsuir.templateengine.writer.ScsTableWriter - java.io.IOException: Server returned HTTP response code: 403 for URL: https://translate.yandex.net/api/v1.5/tr.json/translate?key=trnsl.1.1.20150627T071448Z.117dacaac1e63b79.6b1b4bb84635161fcd400dace9fb2220d6f344ef
2020-05-26 23:14:46.835 [main] ERROR by.bsuir.templateengine.writer.ScsTableWriter - java.io.IOException: Server returned HTTP response code: 403 for URL: https://translate.yandex.net/api/v1.5/tr.json/translate?key=trnsl.1.1.20150627T071448Z.117dacaac1e63b79.6b1b4bb84635161fcd400dace9fb2220d6f344ef
2020-05-26 23:14:47.069 [main] ERROR by.bsuir.templateengine.writer.ScsTableWriter - java.io.IOException: Server returned HTTP response code: 403 for URL: https://translate.yandex.net/api/v1.5/tr.json/translate?key=trnsl.1.1.20150627T071448Z.117dacaac1e63b79.6b1b4bb84635161fcd400dace9fb2220d6f344ef
2020-05-26 23:14:47.272 [main] ERROR by.bsuir.templateengine.writer.ScsTableWriter - java.io.IOException: Server returned HTTP response code: 403 for URL: https://translate.yandex.net/api/v1.5/tr.json/translate?key=trnsl.1.1.20150627T071448Z.117dacaac1e63b79.6b1b4bb84635161fcd400dace9fb2220d6f344ef
2020-05-26 23:14:47.460 [main] ERROR by.bsuir.templateengine.writer.ScsTableWriter - java.io.IOException: Server returned HTTP response code: 403 for URL: https://translate.yandex.net/api/v1.5/tr.json/translate?key=trnsl.1.1.20150627T071448Z.117dacaac1e63b79.6b1b4bb84635161fcd400dace9fb2220d6f344ef
2020-05-26 23:14:47.632 [main] ERROR by.bsuir.templateengine.writer.ScsTableWriter - java.io.IOException: Server returned HTTP response code: 403 for URL: https://translate.yandex.net/api/v1.5/tr.json/translate?key=trnsl.1.1.20150627T071448Z.117dacaac1e63b79.6b1b4bb84635161fcd400dace9fb2220d6f344ef
2020-05-26 23:14:47.788 [main] ERROR by.bsuir.templateengine.writer.ScsTableWriter - java.io.IOException: Server returned HTTP response code: 403 for URL: https://translate.yandex.net/api/v1.5/tr.json/translate?key=trnsl.1.1.20150627T071448Z.117dacaac1e63b79.6b1b4bb84635161fcd400dace9fb2220d6f344ef
2020-05-26 23:14:47.960 [main] ERROR by.bsuir.templateengine.writer.ScsTableWriter - java.io.IOException: Server returned HTTP response code: 403 for URL: https://translate.yandex.net/api/v1.5/tr.json/translate?key=trnsl.1.1.20150627T071448Z.117dacaac1e63b79.6b1b4bb84635161fcd400dace9fb2220d6f344ef
2020-05-26 23:14:48.178 [main] ERROR by.bsuir.templateengine.writer.ScsTableWriter - java.io.IOException: Server returned HTTP response code: 403 for URL: https://translate.yandex.net/api/v1.5/tr.json/translate?key=trnsl.1.1.20150627T071448Z.117dacaac1e63b79.6b1b4bb84635161fcd400dace9fb2220d6f344ef
2020-05-26 23:14:48.366 [main] ERROR by.bsuir.templateengine.writer.ScsTableWriter - java.io.IOException: Server returned HTTP response code: 403 for URL: https://translate.yandex.net/api/v1.5/tr.json/translate?key=trnsl.1.1.20150627T071448Z.117dacaac1e63b79.6b1b4bb84635161fcd400dace9fb2220d6f344ef
2020-05-26 23:42:07.263 [main] ERROR by.bsuir.templateengine.writer.ScsTableWriter - java.io.IOException: Server returned HTTP response code: 403 for URL: https://translate.yandex.net/api/v1.5/tr.json/translate?key=trnsl.1.1.20150627T071448Z.117dacaac1e63b79.6b1b4bb84635161fcd400dace9fb2220d6f344ef
2020-05-26 23:42:07.486 [main] ERROR by.bsuir.templateengine.writer.ScsTableWriter - java.io.IOException: Server returned HTTP response code: 403 for URL: https://translate.yandex.net/api/v1.5/tr.json/translate?key=trnsl.1.1.20150627T071448Z.117dacaac1e63b79.6b1b4bb84635161fcd400dace9fb2220d6f344ef
2020-05-26 23:42:07.702 [main] ERROR by.bsuir.templateengine.writer.ScsTableWriter - java.io.IOException: Server returned HTTP response code: 403 for URL: https://translate.yandex.net/api/v1.5/tr.json/translate?key=trnsl.1.1.20150627T071448Z.117dacaac1e63b79.6b1b4bb84635161fcd400dace9fb2220d6f344ef
2020-05-26 23:42:07.887 [main] ERROR by.bsuir.templateengine.writer.ScsTableWriter - java.io.IOException: Server returned HTTP response code: 403 for URL: https://translate.yandex.net/api/v1.5/tr.json/translate?key=trnsl.1.1.20150627T071448Z.117dacaac1e63b79.6b1b4bb84635161fcd400dace9fb2220d6f344ef
2020-05-26 23:42:08.050 [main] ERROR by.bsuir.templateengine.writer.ScsTableWriter - java.io.IOException: Server returned HTTP response code: 403 for URL: https://translate.yandex.net/api/v1.5/tr.json/translate?key=trnsl.1.1.20150627T071448Z.117dacaac1e63b79.6b1b4bb84635161fcd400dace9fb2220d6f344ef
2020-05-26 23:42:08.235 [main] ERROR by.bsuir.templateengine.writer.ScsTableWriter - java.io.IOException: Server returned HTTP response code: 403 for URL: https://translate.yandex.net/api/v1.5/tr.json/translate?key=trnsl.1.1.20150627T071448Z.117dacaac1e63b79.6b1b4bb84635161fcd400dace9fb2220d6f344ef
2020-05-26 23:42:08.451 [main] ERROR by.bsuir.templateengine.writer.ScsTableWriter - java.io.IOException: Server returned HTTP response code: 403 for URL: https://translate.yandex.net/api/v1.5/tr.json/translate?key=trnsl.1.1.20150627T071448Z.117dacaac1e63b79.6b1b4bb84635161fcd400dace9fb2220d6f344ef
2020-05-26 23:42:08.668 [main] ERROR by.bsuir.templateengine.writer.ScsTableWriter - java.io.IOException: Server returned HTTP response code: 403 for URL: https://translate.yandex.net/api/v1.5/tr.json/translate?key=trnsl.1.1.20150627T071448Z.117dacaac1e63b79.6b1b4bb84635161fcd400dace9fb2220d6f344ef
2020-05-26 23:42:08.822 [main] ERROR by.bsuir.templateengine.writer.ScsTableWriter - java.io.IOException: Server returned HTTP response code: 403 for URL: https://translate.yandex.net/api/v1.5/tr.json/translate?key=trnsl.1.1.20150627T071448Z.117dacaac1e63b79.6b1b4bb84635161fcd400dace9fb2220d6f344ef
2020-05-26 23:42:09.038 [main] ERROR by.bsuir.templateengine.writer.ScsTableWriter - java.io.IOException: Server returned HTTP response code: 403 for URL: https://translate.yandex.net/api/v1.5/tr.json/translate?key=trnsl.1.1.20150627T071448Z.117dacaac1e63b79.6b1b4bb84635161fcd400dace9fb2220d6f344ef
2020-05-27 00:08:58.797 [main] ERROR by.bsuir.templateengine.writer.ScsTableWriter - java.io.IOException: Server returned HTTP response code: 403 for URL: https://translate.yandex.net/api/v1.5/tr.json/translate?key=trnsl.1.1.20150627T071448Z.117dacaac1e63b79.6b1b4bb84635161fcd400dace9fb2220d6f344ef
2020-05-27 00:08:59.032 [main] ERROR by.bsuir.templateengine.writer.ScsTableWriter - java.io.IOException: Server returned HTTP response code: 403 for URL: https://translate.yandex.net/api/v1.5/tr.json/translate?key=trnsl.1.1.20150627T071448Z.117dacaac1e63b79.6b1b4bb84635161fcd400dace9fb2220d6f344ef
2020-05-27 00:08:59.235 [main] ERROR by.bsuir.templateengine.writer.ScsTableWriter - java.io.IOException: Server returned HTTP response code: 403 for URL: https://translate.yandex.net/api/v1.5/tr.json/translate?key=trnsl.1.1.20150627T071448Z.117dacaac1e63b79.6b1b4bb84635161fcd400dace9fb2220d6f344ef
2020-05-27 00:08:59.391 [main] ERROR by.bsuir.templateengine.writer.ScsTableWriter - java.io.IOException: Server returned HTTP response code: 403 for URL: https://translate.yandex.net/api/v1.5/tr.json/translate?key=trnsl.1.1.20150627T071448Z.117dacaac1e63b79.6b1b4bb84635161fcd400dace9fb2220d6f344ef
2020-05-27 00:08:59.563 [main] ERROR by.bsuir.templateengine.writer.ScsTableWriter - java.io.IOException: Server returned HTTP response code: 403 for URL: https://translate.yandex.net/api/v1.5/tr.json/translate?key=trnsl.1.1.20150627T071448Z.117dacaac1e63b79.6b1b4bb84635161fcd400dace9fb2220d6f344ef
2020-05-27 00:08:59.672 [main] ERROR by.bsuir.templateengine.writer.ScsTableWriter - java.io.IOException: Server returned HTTP response code: 403 for URL: https://translate.yandex.net/api/v1.5/tr.json/translate?key=trnsl.1.1.20150627T071448Z.117dacaac1e63b79.6b1b4bb84635161fcd400dace9fb2220d6f344ef
2020-05-27 00:08:59.860 [main] ERROR by.bsuir.templateengine.writer.ScsTableWriter - java.io.IOException: Server returned HTTP response code: 403 for URL: https://translate.yandex.net/api/v1.5/tr.json/translate?key=trnsl.1.1.20150627T071448Z.117dacaac1e63b79.6b1b4bb84635161fcd400dace9fb2220d6f344ef
2020-05-27 00:09:00.063 [main] ERROR by.bsuir.templateengine.writer.ScsTableWriter - java.io.IOException: Server returned HTTP response code: 403 for URL: https://translate.yandex.net/api/v1.5/tr.json/translate?key=trnsl.1.1.20150627T071448Z.117dacaac1e63b79.6b1b4bb84635161fcd400dace9fb2220d6f344ef
2020-05-27 00:09:00.282 [main] ERROR by.bsuir.templateengine.writer.ScsTableWriter - java.io.IOException: Server returned HTTP response code: 403 for URL: https://translate.yandex.net/api/v1.5/tr.json/translate?key=trnsl.1.1.20150627T071448Z.117dacaac1e63b79.6b1b4bb84635161fcd400dace9fb2220d6f344ef
2020-05-27 00:09:00.501 [main] ERROR by.bsuir.templateengine.writer.ScsTableWriter - java.io.IOException: Server returned HTTP response code: 403 for URL: https://translate.yandex.net/api/v1.5/tr.json/translate?key=trnsl.1.1.20150627T071448Z.117dacaac1e63b79.6b1b4bb84635161fcd400dace9fb2220d6f344ef
2020-05-27 00:11:20.394 [main] ERROR by.bsuir.templateengine.writer.ScsTableWriter - java.io.IOException: Server returned HTTP response code: 403 for URL: https://translate.yandex.net/api/v1.5/tr.json/translate?key=trnsl.1.1.20150627T071448Z.117dacaac1e63b79.6b1b4bb84635161fcd400dace9fb2220d6f344ef
2020-05-27 00:11:20.597 [main] ERROR by.bsuir.templateengine.writer.ScsTableWriter - java.io.IOException: Server returned HTTP response code: 403 for URL: https://translate.yandex.net/api/v1.5/tr.json/translate?key=trnsl.1.1.20150627T071448Z.117dacaac1e63b79.6b1b4bb84635161fcd400dace9fb2220d6f344ef
2020-05-27 00:11:20.831 [main] ERROR by.bsuir.templateengine.writer.ScsTableWriter - java.io.IOException: Server returned HTTP response code: 403 for URL: https://translate.yandex.net/api/v1.5/tr.json/translate?key=trnsl.1.1.20150627T071448Z.117dacaac1e63b79.6b1b4bb84635161fcd400dace9fb2220d6f344ef
2020-05-27 00:11:21.019 [main] ERROR by.bsuir.templateengine.writer.ScsTableWriter - java.io.IOException: Server returned HTTP response code: 403 for URL: https://translate.yandex.net/api/v1.5/tr.json/translate?key=trnsl.1.1.20150627T071448Z.117dacaac1e63b79.6b1b4bb84635161fcd400dace9fb2220d6f344ef
2020-05-27 00:11:21.253 [main] ERROR by.bsuir.templateengine.writer.ScsTableWriter - java.io.IOException: Server returned HTTP response code: 403 for URL: https://translate.yandex.net/api/v1.5/tr.json/translate?key=trnsl.1.1.20150627T071448Z.117dacaac1e63b79.6b1b4bb84635161fcd400dace9fb2220d6f344ef
2020-05-27 00:11:21.472 [main] ERROR by.bsuir.templateengine.writer.ScsTableWriter - java.io.IOException: Server returned HTTP response code: 403 for URL: https://translate.yandex.net/api/v1.5/tr.json/translate?key=trnsl.1.1.20150627T071448Z.117dacaac1e63b79.6b1b4bb84635161fcd400dace9fb2220d6f344ef
2020-05-27 00:11:21.691 [main] ERROR by.bsuir.templateengine.writer.ScsTableWriter - java.io.IOException: Server returned HTTP response code: 403 for URL: https://translate.yandex.net/api/v1.5/tr.json/translate?key=trnsl.1.1.20150627T071448Z.117dacaac1e63b79.6b1b4bb84635161fcd400dace9fb2220d6f344ef
2020-05-27 00:11:21.862 [main] ERROR by.bsuir.templateengine.writer.ScsTableWriter - java.io.IOException: Server returned HTTP response code: 403 for URL: https://translate.yandex.net/api/v1.5/tr.json/translate?key=trnsl.1.1.20150627T071448Z.117dacaac1e63b79.6b1b4bb84635161fcd400dace9fb2220d6f344ef
2020-05-27 00:11:22.050 [main] ERROR by.bsuir.templateengine.writer.ScsTableWriter - java.io.IOException: Server returned HTTP response code: 403 for URL: https://translate.yandex.net/api/v1.5/tr.json/translate?key=trnsl.1.1.20150627T071448Z.117dacaac1e63b79.6b1b4bb84635161fcd400dace9fb2220d6f344ef
2020-05-27 00:11:22.237 [main] ERROR by.bsuir.templateengine.writer.ScsTableWriter - java.io.IOException: Server returned HTTP response code: 403 for URL: https://translate.yandex.net/api/v1.5/tr.json/translate?key=trnsl.1.1.20150627T071448Z.117dacaac1e63b79.6b1b4bb84635161fcd400dace9fb2220d6f344ef
